Using pre-set license
Built from '2021.3/staging' branch; Version is '2021.3.2f1 (d6360bedb9a0) revision 14038539'; Using compiler version '192829333'; Build Type 'Release'
OS: 'Windows 10  (10.0.19045) 64bit Core' Language: 'ko' Physical Memory: 16322 MB
BatchMode: 1, IsHumanControllingUs: 0, StartBugReporterOnCrash: 0, Is64bit: 1, IsPro: 1

COMMAND LINE ARGUMENTS:
C:\Program Files\Unity 2021.3.2f1\Editor\Unity.exe
-adb2
-batchMode
-noUpm
-name
AssetImportWorker1
-projectPath
C:/Users/PC/Desktop/Portal
-logFile
Logs/AssetImportWorker1.log
-srvPort
53044
Successfully changed project path to: C:/Users/PC/Desktop/Portal
C:/Users/PC/Desktop/Portal
[UnityMemory] Configuration Parameters - Can be set up in boot.config
    "memorysetup-bucket-allocator-granularity=16"
    "memorysetup-bucket-allocator-bucket-count=8"
    "memorysetup-bucket-allocator-block-size=33554432"
    "memorysetup-bucket-allocator-block-count=8"
    "memorysetup-main-allocator-block-size=16777216"
    "memorysetup-thread-allocator-block-size=16777216"
    "memorysetup-gfx-main-allocator-block-size=16777216"
    "memorysetup-gfx-thread-allocator-block-size=16777216"
    "memorysetup-cache-allocator-block-size=4194304"
    "memorysetup-typetree-allocator-block-size=2097152"
    "memorysetup-profiler-bucket-allocator-granularity=16"
    "memorysetup-profiler-bucket-allocator-bucket-count=8"
    "memorysetup-profiler-bucket-allocator-block-size=33554432"
    "memorysetup-profiler-bucket-allocator-block-count=8"
    "memorysetup-profiler-allocator-block-size=16777216"
    "memorysetup-profiler-editor-allocator-block-size=1048576"
    "memorysetup-temp-allocator-size-main=16777216"
    "memorysetup-job-temp-allocator-block-size=2097152"
    "memorysetup-job-temp-allocator-block-size-background=1048576"
    "memorysetup-job-temp-allocator-reduction-small-platforms=262144"
    "memorysetup-temp-allocator-size-background-worker=32768"
    "memorysetup-temp-allocator-size-job-worker=262144"
    "memorysetup-temp-allocator-size-preload-manager=33554432"
    "memorysetup-temp-allocator-size-nav-mesh-worker=65536"
    "memorysetup-temp-allocator-size-audio-worker=65536"
    "memorysetup-temp-allocator-size-cloud-worker=32768"
    "memorysetup-temp-allocator-size-gi-baking-worker=262144"
    "memorysetup-temp-allocator-size-gfx=262144"
Refreshing native plugins compatible for Editor in 81.40 ms, found 3 plugins.
Preloading 0 native plugins for Editor in 0.00 ms.
Initialize engine version: 2021.3.2f1 (d6360bedb9a0)
[Subsystems] Discovering subsystems at path C:/Program Files/Unity 2021.3.2f1/Editor/Data/Resources/UnitySubsystems
[Subsystems] Discovering subsystems at path C:/Users/PC/Desktop/Portal/Assets
GfxDevice: creating device client; threaded=0; jobified=0
Direct3D:
    Version:  Direct3D 11.0 [level 11.1]
    Renderer: NVIDIA GeForce RTX 2060 (ID=0x1f08)
    Vendor:   NVIDIA
    VRAM:     5980 MB
    Driver:   31.0.15.1694
Initialize mono
Mono path[0] = 'C:/Program Files/Unity 2021.3.2f1/Editor/Data/Managed'
Mono path[1] = 'C:/Program Files/Unity 2021.3.2f1/Editor/Data/MonoBleedingEdge/lib/mono/unityjit-win32'
Mono config path = 'C:/Program Files/Unity 2021.3.2f1/Editor/Data/MonoBleedingEdge/etc'
Using monoOptions --debugger-agent=transport=dt_socket,embedding=1,server=y,suspend=n,address=127.0.0.1:56784
Begin MonoManager ReloadAssembly
Registering precompiled unity dll's ...
Register platform support module: C:/Program Files/Unity 2021.3.2f1/Editor/Data/PlaybackEngines/WindowsStandaloneSupport/UnityEditor.WindowsStandalone.Extensions.dll
Registered in 0.010303 seconds.
Native extension for WindowsStandalone target not found
Refreshing native plugins compatible for Editor in 79.11 ms, found 3 plugins.
Preloading 0 native plugins for Editor in 0.00 ms.
Mono: successfully reloaded assembly
- Completed reload, in  0.693 seconds
Domain Reload Profiling:
	ReloadAssembly (693ms)
		BeginReloadAssembly (102ms)
			ExecutionOrderSort (0ms)
			DisableScriptedObjects (0ms)
			BackupInstance (0ms)
			ReleaseScriptingObjects (0ms)
			CreateAndSetChildDomain (1ms)
		EndReloadAssembly (464ms)
			LoadAssemblies (98ms)
			RebuildTransferFunctionScriptingTraits (0ms)
			SetupTypeCache (102ms)
			ReleaseScriptCaches (0ms)
			RebuildScriptCaches (31ms)
			SetupLoadedEditorAssemblies (275ms)
				LogAssemblyErrors (0ms)
				InitializePlatformSupportModulesInManaged (9ms)
				SetLoadedEditorAssemblies (0ms)
				RefreshPlugins (79ms)
				BeforeProcessingInitializeOnLoad (1ms)
				ProcessInitializeOnLoadAttributes (130ms)
				ProcessInitializeOnLoadMethodAttributes (56ms)
				AfterProcessingInitializeOnLoad (0ms)
				EditorAssembliesLoaded (0ms)
			ExecutionOrderSort2 (0ms)
			AwakeInstancesAfterBackupRestoration (0ms)
Platform modules already initialized, skipping
Registering precompiled user dll's ...
Registered in 0.009482 seconds.
Begin MonoManager ReloadAssembly
Symbol file LoadedFromMemory doesn't match image C:\Users\PC\Desktop\Portal\Library\PackageCache\com.unity.visualscripting@1.7.6\Editor\VisualScripting.Core\Dependencies\YamlDotNet\Unity.VisualScripting.YamlDotNet.dll
Symbol file LoadedFromMemory doesn't match image C:\Users\PC\Desktop\Portal\Library\PackageCache\com.unity.visualscripting@1.7.6\Editor\VisualScripting.Core\Dependencies\DotNetZip\Unity.VisualScripting.IonicZip.dll
Native extension for WindowsStandalone target not found
Refreshing native plugins compatible for Editor in 0.52 ms, found 3 plugins.
Preloading 0 native plugins for Editor in 0.00 ms.
Mono: successfully reloaded assembly
- Completed reload, in  1.169 seconds
Domain Reload Profiling:
	ReloadAssembly (1170ms)
		BeginReloadAssembly (148ms)
			ExecutionOrderSort (0ms)
			DisableScriptedObjects (6ms)
			BackupInstance (0ms)
			ReleaseScriptingObjects (0ms)
			CreateAndSetChildDomain (19ms)
		EndReloadAssembly (892ms)
			LoadAssemblies (127ms)
			RebuildTransferFunctionScriptingTraits (0ms)
			SetupTypeCache (263ms)
			ReleaseScriptCaches (1ms)
			RebuildScriptCaches (60ms)
			SetupLoadedEditorAssemblies (419ms)
				LogAssemblyErrors (0ms)
				InitializePlatformSupportModulesInManaged (7ms)
				SetLoadedEditorAssemblies (0ms)
				RefreshPlugins (1ms)
				BeforeProcessingInitializeOnLoad (113ms)
				ProcessInitializeOnLoadAttributes (252ms)
				ProcessInitializeOnLoadMethodAttributes (31ms)
				AfterProcessingInitializeOnLoad (15ms)
				EditorAssembliesLoaded (0ms)
			ExecutionOrderSort2 (0ms)
			AwakeInstancesAfterBackupRestoration (12ms)
Platform modules already initialized, skipping
========================================================================
Worker process is ready to serve import requests
Launched and connected shader compiler UnityShaderCompiler.exe after 0.05 seconds
Refreshing native plugins compatible for Editor in 0.83 ms, found 3 plugins.
Preloading 0 native plugins for Editor in 0.00 ms.
Unloading 3360 Unused Serialized files (Serialized files now loaded: 0)
Unloading 26 unused Assets / (112.1 KB). Loaded Objects now: 3817.
Memory consumption went from 115.7 MB to 115.5 MB.
Total: 2.573100 ms (FindLiveObjects: 0.254700 ms CreateObjectMapping: 0.176600 ms MarkObjects: 2.061500 ms  DeleteObjects: 0.079400 ms)

AssetImportParameters requested are different than current active one (requested -> active):
  custom:video-decoder-ogg-theora: a1e56fd34408186e4bbccfd4996cb3dc -> 
  custom:container-muxer-webm: aa71ff27fc2769a1b78a27578f13a17b -> 
  custom:container-demuxer-webm: 4f35f7cbe854078d1ac9338744f61a02 -> 
  custom:video-encoder-webm-vp8: eb34c28f22e8b96e1ab97ce403110664 -> 
  custom:audio-encoder-webm-vorbis: bf7c407c2cedff20999df2af8eb42d56 -> 
  custom:framework-win-MediaFoundation: 216162199b28c13a410421893ffa2e32 -> 
  custom:container-demuxer-ogg: 62fdf1f143b41e24485cea50d1cbac27 -> 
  custom:video-decoder-webm-vp8: 9c59270c3fd7afecdb556c50c9e8de78 -> 
  custom:audio-decoder-ogg-vorbis: bf7c407c2cedff20999df2af8eb42d56 -> 
========================================================================
Received Import Request.
  Time since last request: 2230.010903 seconds.
  path: Assets/Models/Car/glass.mat
  artifactKey: Guid(8ea80a946aea544f3a2778341ee1a8a1) Importer(815301076,1909f56bfc062723c751e8b465ee728b)
Start importing Assets/Models/Car/glass.mat using Guid(8ea80a946aea544f3a2778341ee1a8a1) Importer(815301076,1909f56bfc062723c751e8b465ee728b)  -> (artifact id: 'fb16ebd63b4f583c886cfd6d12b33893') in 0.325487 seconds 
========================================================================
Received Import Request.
  Time since last request: 43.970604 seconds.
  path: Assets/Models/Little Worlds/Forest Mat/Leaves 1.mat
  artifactKey: Guid(f5f2392bc592744a6ba3672eb8dedd23) Importer(815301076,1909f56bfc062723c751e8b465ee728b)
Start importing Assets/Models/Little Worlds/Forest Mat/Leaves 1.mat using Guid(f5f2392bc592744a6ba3672eb8dedd23) Importer(815301076,1909f56bfc062723c751e8b465ee728b)  -> (artifact id: 'f564944dfe3663e2bf41a653d85268aa') in 0.213792 seconds 
========================================================================
Received Import Request.
  Time since last request: 1.688363 seconds.
  path: Assets/Models/Little Worlds/Desert Mat/Desert Grass.mat
  artifactKey: Guid(cc4e08d565cf34effbf9ea13162cd4d9) Importer(815301076,1909f56bfc062723c751e8b465ee728b)
Start importing Assets/Models/Little Worlds/Desert Mat/Desert Grass.mat using Guid(cc4e08d565cf34effbf9ea13162cd4d9) Importer(815301076,1909f56bfc062723c751e8b465ee728b)  -> (artifact id: 'f55d68c7965e5fbda6177d7efa5e562f') in 0.012055 seconds 
========================================================================
Received Import Request.
  Time since last request: 0.000018 seconds.
  path: Assets/Models/Little Worlds/Desert Mat/Desert Rock.mat
  artifactKey: Guid(df02f6cf57bfd4082a391472dee82af8) Importer(815301076,1909f56bfc062723c751e8b465ee728b)
Start importing Assets/Models/Little Worlds/Desert Mat/Desert Rock.mat using Guid(df02f6cf57bfd4082a391472dee82af8) Importer(815301076,1909f56bfc062723c751e8b465ee728b)  -> (artifact id: '08490c18c3c312e01c9814200cb4f68b') in 0.015515 seconds 
========================================================================
Received Import Request.
  Time since last request: 1.085582 seconds.
  path: Assets/Models/Low Poly/Grass.fbx
  artifactKey: Guid(4f9bfd1e0902247519c0c0611bd75d1b) Importer(815301076,1909f56bfc062723c751e8b465ee728b)
Start importing Assets/Models/Low Poly/Grass.fbx using Guid(4f9bfd1e0902247519c0c0611bd75d1b) Importer(815301076,1909f56bfc062723c751e8b465ee728b)  -> (artifact id: 'fb21d6e438c193fbea8f83c9eacebfbc') in 0.059326 seconds 
========================================================================
Received Import Request.
  Time since last request: 0.000034 seconds.
  path: Assets/Models/Low Poly/Tree1.fbx
  artifactKey: Guid(2de6c7c7f2f2f4a2b8d21682b37e8a21) Importer(815301076,1909f56bfc062723c751e8b465ee728b)
Start importing Assets/Models/Low Poly/Tree1.fbx using Guid(2de6c7c7f2f2f4a2b8d21682b37e8a21) Importer(815301076,1909f56bfc062723c751e8b465ee728b)  -> (artifact id: 'b99d8ea1453bd06bd216123d8dd7de12') in 0.018913 seconds 
========================================================================
Received Import Request.
  Time since last request: 1.360924 seconds.
  path: Assets/Models/Low Poly/Materials/Cactus.003.mat
  artifactKey: Guid(68031c844cddc4513aeb1c38630976ad) Importer(815301076,1909f56bfc062723c751e8b465ee728b)
Start importing Assets/Models/Low Poly/Materials/Cactus.003.mat using Guid(68031c844cddc4513aeb1c38630976ad) Importer(815301076,1909f56bfc062723c751e8b465ee728b)  -> (artifact id: 'faf1fd80d1a3f6bdd45becffe25d38ef') in 0.013262 seconds 
========================================================================
Received Import Request.
  Time since last request: 0.000016 seconds.
  path: Assets/Models/Low Poly/Materials/Trunk.001.mat
  artifactKey: Guid(ab688038068c8498ba6ccbd44d606199) Importer(815301076,1909f56bfc062723c751e8b465ee728b)
Start importing Assets/Models/Low Poly/Materials/Trunk.001.mat using Guid(ab688038068c8498ba6ccbd44d606199) Importer(815301076,1909f56bfc062723c751e8b465ee728b)  -> (artifact id: 'ca8b871d23f2c30264a4d44f97188493') in 0.016142 seconds 
========================================================================
Received Import Request.
  Time since last request: 0.000020 seconds.
  path: Assets/Models/Low Poly/Materials/Leaves.001.mat
  artifactKey: Guid(28e4dff2504254e68934dba4abf124d3) Importer(815301076,1909f56bfc062723c751e8b465ee728b)
Start importing Assets/Models/Low Poly/Materials/Leaves.001.mat using Guid(28e4dff2504254e68934dba4abf124d3) Importer(815301076,1909f56bfc062723c751e8b465ee728b)  -> (artifact id: 'ed355a0d0df1c24b8c5adc2a4045d9f1') in 0.016285 seconds 
Editor requested this worker to shutdown with reason: Scaling down because of idle timeout
AssetImportWorker is now disconnected from the server
Process exiting
Exiting without the bug reporter. Application will terminate with return code 0